<?xml version="1.0" encoding="UTF-8"?>
<testng-results ignored="0" total="1" passed="1" failed="0" skipped="0">
  <reporter-output>
  </reporter-output>
  <suite started-at="2022-09-14T11:53:25 IST" name="Route Work:Smoke" finished-at="2022-09-14T12:00:26 IST" duration-ms="420243">
    <groups>
    </groups>
    <test started-at="2022-09-14T11:53:25 IST" name="RouteWork 500 Packages" finished-at="2022-09-14T12:00:26 IST" duration-ms="420243">
      <class name="RW500PKG.RW500PKGSMOKE">
        <test-method is-config="true" signature="startup()[pri:0, instance:RW500PKG.RW500PKGSMOKE@54bff557]" started-at="2022-09-14T11:53:21 IST" name="startup" finished-at="2022-09-14T11:53:25 IST" duration-ms="4709" status="PASS">
          <reporter-output>
          </reporter-output>
        </test-method> <!-- startup -->
        <test-method signature="rw500PCKG()[pri:0, instance:RW500PKG.RW500PKGSMOKE@54bff557]" started-at="2022-09-14T11:53:25 IST" name="rw500PCKG" finished-at="2022-09-14T12:00:26 IST" duration-ms="420178" status="PASS">
          <reporter-output>
          </reporter-output>
        </test-method> <!-- rw500PCKG -->
        <test-method is-config="true" signature="end()[pri:0, instance:RW500PKG.RW500PKGSMOKE@54bff557]" started-at="2022-09-14T12:00:26 IST" name="end" finished-at="2022-09-14T12:00:26 IST" duration-ms="1" status="PASS">
          <reporter-output>
          </reporter-output>
        </test-method> <!-- end -->
      </class> <!-- RW500PKG.RW500PKGSMOKE -->
    </test> <!-- RouteWork 500 Packages -->
  </suite> <!-- Route Work:Smoke -->
</testng-results>
